mode: set
gamestore/internal/repository/category_repository.go:13.70,22.2 2 0
gamestore/internal/repository/category_repository.go:24.67,29.16 3 0
gamestore/internal/repository/category_repository.go:29.16,31.3 1 0
gamestore/internal/repository/category_repository.go:33.2,37.18 3 0
gamestore/internal/repository/category_repository.go:37.18,43.17 3 0
gamestore/internal/repository/category_repository.go:43.17,45.4 1 0
gamestore/internal/repository/category_repository.go:46.3,46.39 1 0
gamestore/internal/repository/category_repository.go:48.2,48.31 1 0
gamestore/internal/repository/category_repository.go:51.75,60.16 4 0
gamestore/internal/repository/category_repository.go:60.16,61.36 1 0
gamestore/internal/repository/category_repository.go:61.36,63.4 1 0
gamestore/internal/repository/category_repository.go:64.3,64.18 1 0
gamestore/internal/repository/category_repository.go:66.2,66.18 1 0
gamestore/internal/repository/category_repository.go:69.70,78.16 3 0
gamestore/internal/repository/category_repository.go:78.16,80.3 1 0
gamestore/internal/repository/category_repository.go:81.2,82.14 2 0
gamestore/internal/repository/category_repository.go:82.14,84.3 1 0
gamestore/internal/repository/category_repository.go:85.2,85.12 1 0
gamestore/internal/repository/category_repository.go:88.53,92.16 3 0
gamestore/internal/repository/category_repository.go:92.16,94.3 1 0
gamestore/internal/repository/category_repository.go:96.2,97.14 2 0
gamestore/internal/repository/category_repository.go:97.14,99.3 1 0
gamestore/internal/repository/category_repository.go:101.2,101.12 1 0
gamestore/internal/repository/customer_repository.go:13.60,15.2 1 1
gamestore/internal/repository/customer_repository.go:17.70,30.2 2 1
gamestore/internal/repository/customer_repository.go:32.67,37.16 3 1
gamestore/internal/repository/customer_repository.go:37.16,39.3 1 0
gamestore/internal/repository/customer_repository.go:41.2,45.18 3 1
gamestore/internal/repository/customer_repository.go:45.18,55.17 3 1
gamestore/internal/repository/customer_repository.go:55.17,57.4 1 0
gamestore/internal/repository/customer_repository.go:58.3,58.35 1 1
gamestore/internal/repository/customer_repository.go:60.2,60.30 1 1
gamestore/internal/repository/customer_repository.go:63.75,77.16 4 0
gamestore/internal/repository/customer_repository.go:77.16,78.36 1 0
gamestore/internal/repository/customer_repository.go:78.36,80.4 1 0
gamestore/internal/repository/customer_repository.go:81.3,81.18 1 0
gamestore/internal/repository/customer_repository.go:83.2,83.16 1 0
gamestore/internal/repository/customer_repository.go:86.70,99.16 3 0
gamestore/internal/repository/customer_repository.go:99.16,101.3 1 0
gamestore/internal/repository/customer_repository.go:102.2,103.14 2 0
gamestore/internal/repository/customer_repository.go:103.14,105.3 1 0
gamestore/internal/repository/customer_repository.go:106.2,106.12 1 0
gamestore/internal/repository/customer_repository.go:109.53,113.16 3 0
gamestore/internal/repository/customer_repository.go:113.16,115.3 1 0
gamestore/internal/repository/customer_repository.go:117.2,118.14 2 0
gamestore/internal/repository/customer_repository.go:118.14,120.3 1 0
gamestore/internal/repository/customer_repository.go:122.2,122.12 1 0
gamestore/internal/repository/game_repository.go:13.58,27.16 3 0
gamestore/internal/repository/game_repository.go:27.16,29.3 1 0
gamestore/internal/repository/game_repository.go:31.2,31.12 1 0
gamestore/internal/repository/game_repository.go:34.59,39.16 3 0
gamestore/internal/repository/game_repository.go:39.16,41.3 1 0
gamestore/internal/repository/game_repository.go:43.2,46.18 3 0
gamestore/internal/repository/game_repository.go:46.18,56.17 3 0
gamestore/internal/repository/game_repository.go:56.17,58.4 1 0
gamestore/internal/repository/game_repository.go:59.3,59.27 1 0
gamestore/internal/repository/game_repository.go:62.2,62.34 1 0
gamestore/internal/repository/game_repository.go:62.34,64.3 1 0
gamestore/internal/repository/game_repository.go:66.2,66.19 1 0
gamestore/internal/repository/game_repository.go:69.67,84.16 4 0
gamestore/internal/repository/game_repository.go:84.16,85.36 1 0
gamestore/internal/repository/game_repository.go:85.36,87.4 1 0
gamestore/internal/repository/game_repository.go:88.3,88.18 1 0
gamestore/internal/repository/game_repository.go:91.2,91.16 1 0
gamestore/internal/repository/game_repository.go:94.58,108.16 3 0
gamestore/internal/repository/game_repository.go:108.16,110.3 1 0
gamestore/internal/repository/game_repository.go:112.2,113.16 2 0
gamestore/internal/repository/game_repository.go:113.16,115.3 1 0
gamestore/internal/repository/game_repository.go:116.2,116.23 1 0
gamestore/internal/repository/game_repository.go:116.23,118.3 1 0
gamestore/internal/repository/game_repository.go:120.2,120.12 1 0
gamestore/internal/repository/game_repository.go:123.49,127.16 3 0
gamestore/internal/repository/game_repository.go:127.16,129.3 1 0
gamestore/internal/repository/game_repository.go:131.2,132.16 2 0
gamestore/internal/repository/game_repository.go:132.16,134.3 1 0
gamestore/internal/repository/game_repository.go:135.2,135.23 1 0
gamestore/internal/repository/game_repository.go:135.23,137.3 1 0
gamestore/internal/repository/game_repository.go:139.2,139.12 1 0
gamestore/internal/repository/game_repository.go:142.84,148.16 3 0
gamestore/internal/repository/game_repository.go:148.16,150.3 1 0
gamestore/internal/repository/game_repository.go:151.2,154.18 3 0
gamestore/internal/repository/game_repository.go:154.18,164.17 3 0
gamestore/internal/repository/game_repository.go:164.17,166.4 1 0
gamestore/internal/repository/game_repository.go:168.3,168.27 1 0
gamestore/internal/repository/game_repository.go:171.2,171.19 1 0
gamestore/internal/repository/library_repository.go:13.67,20.16 3 0
gamestore/internal/repository/library_repository.go:20.16,22.3 1 0
gamestore/internal/repository/library_repository.go:24.2,24.12 1 0
gamestore/internal/repository/library_repository.go:27.89,38.16 3 0
gamestore/internal/repository/library_repository.go:38.16,40.3 1 0
gamestore/internal/repository/library_repository.go:42.2,46.18 3 0
gamestore/internal/repository/library_repository.go:46.18,54.17 3 0
gamestore/internal/repository/library_repository.go:54.17,56.4 1 0
gamestore/internal/repository/library_repository.go:57.3,57.31 1 0
gamestore/internal/repository/library_repository.go:60.2,60.34 1 0
gamestore/internal/repository/library_repository.go:60.34,62.3 1 0
gamestore/internal/repository/library_repository.go:64.2,64.21 1 0
gamestore/internal/repository/library_repository.go:67.73,79.16 4 0
gamestore/internal/repository/library_repository.go:79.16,80.36 1 0
gamestore/internal/repository/library_repository.go:80.36,82.4 1 0
gamestore/internal/repository/library_repository.go:83.3,83.18 1 0
gamestore/internal/repository/library_repository.go:86.2,86.16 1 0
gamestore/internal/repository/library_repository.go:89.93,101.16 4 0
gamestore/internal/repository/library_repository.go:101.16,102.36 1 0
gamestore/internal/repository/library_repository.go:102.36,104.4 1 0
gamestore/internal/repository/library_repository.go:105.3,105.18 1 0
gamestore/internal/repository/library_repository.go:108.2,108.16 1 0
gamestore/internal/repository/order_repository.go:13.78,24.16 3 0
gamestore/internal/repository/order_repository.go:24.16,26.3 1 0
gamestore/internal/repository/order_repository.go:28.2,28.19 1 0
gamestore/internal/repository/order_repository.go:31.61,38.16 3 0
gamestore/internal/repository/order_repository.go:38.16,40.3 1 0
gamestore/internal/repository/order_repository.go:42.2,46.18 3 0
gamestore/internal/repository/order_repository.go:46.18,54.17 3 0
gamestore/internal/repository/order_repository.go:54.17,56.4 1 0
gamestore/internal/repository/order_repository.go:57.3,57.29 1 0
gamestore/internal/repository/order_repository.go:60.2,60.34 1 0
gamestore/internal/repository/order_repository.go:60.34,62.3 1 0
gamestore/internal/repository/order_repository.go:64.2,64.20 1 0
gamestore/internal/repository/order_repository.go:67.69,79.16 4 0
gamestore/internal/repository/order_repository.go:79.16,80.36 1 0
gamestore/internal/repository/order_repository.go:80.36,82.4 1 0
gamestore/internal/repository/order_repository.go:83.3,83.18 1 0
gamestore/internal/repository/order_repository.go:86.2,86.16 1 0
gamestore/internal/repository/order_repository.go:89.61,103.16 3 0
gamestore/internal/repository/order_repository.go:103.16,105.3 1 0
gamestore/internal/repository/order_repository.go:107.2,108.16 2 0
gamestore/internal/repository/order_repository.go:108.16,110.3 1 0
gamestore/internal/repository/order_repository.go:111.2,111.23 1 0
gamestore/internal/repository/order_repository.go:111.23,113.3 1 0
gamestore/internal/repository/order_repository.go:115.2,115.12 1 0
gamestore/internal/repository/order_repository.go:118.50,122.16 3 0
gamestore/internal/repository/order_repository.go:122.16,124.3 1 0
gamestore/internal/repository/order_repository.go:126.2,127.16 2 0
gamestore/internal/repository/order_repository.go:127.16,129.3 1 0
gamestore/internal/repository/order_repository.go:130.2,130.23 1 0
gamestore/internal/repository/order_repository.go:130.23,132.3 1 0
gamestore/internal/repository/order_repository.go:134.2,134.12 1 0
gamestore/internal/repository/order_repository.go:137.89,145.16 3 0
gamestore/internal/repository/order_repository.go:145.16,147.3 1 0
gamestore/internal/repository/order_repository.go:148.2,151.18 3 0
gamestore/internal/repository/order_repository.go:151.18,159.17 3 0
gamestore/internal/repository/order_repository.go:159.17,161.4 1 0
gamestore/internal/repository/order_repository.go:163.3,163.29 1 0
gamestore/internal/repository/order_repository.go:166.2,166.20 1 0
gamestore/internal/repository/order_repository.go:169.85,178.16 3 0
gamestore/internal/repository/order_repository.go:178.16,180.3 1 0
gamestore/internal/repository/order_repository.go:182.2,183.16 2 0
gamestore/internal/repository/order_repository.go:183.16,185.3 1 0
gamestore/internal/repository/order_repository.go:187.2,187.23 1 0
gamestore/internal/repository/order_repository.go:187.23,189.3 1 0
gamestore/internal/repository/order_repository.go:191.2,191.12 1 0
gamestore/internal/repository/order_repository.go:194.94,206.16 4 0
gamestore/internal/repository/order_repository.go:206.16,207.36 1 0
gamestore/internal/repository/order_repository.go:207.36,209.4 1 0
gamestore/internal/repository/order_repository.go:210.3,210.18 1 0
gamestore/internal/repository/order_repository.go:213.2,213.16 1 0
gamestore/internal/repository/payment_repository.go:13.58,15.2 1 0
gamestore/internal/repository/payment_repository.go:17.67,30.16 3 0
gamestore/internal/repository/payment_repository.go:30.16,32.3 1 0
gamestore/internal/repository/payment_repository.go:34.2,34.12 1 0
gamestore/internal/repository/payment_repository.go:37.65,42.16 3 0
gamestore/internal/repository/payment_repository.go:42.16,44.3 1 0
gamestore/internal/repository/payment_repository.go:46.2,50.18 3 0
gamestore/internal/repository/payment_repository.go:50.18,59.17 3 0
gamestore/internal/repository/payment_repository.go:59.17,61.4 1 0
gamestore/internal/repository/payment_repository.go:62.3,62.33 1 0
gamestore/internal/repository/payment_repository.go:65.2,65.34 1 0
gamestore/internal/repository/payment_repository.go:65.34,67.3 1 0
gamestore/internal/repository/payment_repository.go:69.2,69.22 1 0
gamestore/internal/repository/payment_repository.go:72.73,85.16 4 0
gamestore/internal/repository/payment_repository.go:85.16,86.36 1 0
gamestore/internal/repository/payment_repository.go:86.36,88.4 1 0
gamestore/internal/repository/payment_repository.go:89.3,89.18 1 0
gamestore/internal/repository/payment_repository.go:92.2,92.16 1 0
gamestore/internal/repository/payment_repository.go:95.67,108.16 3 0
gamestore/internal/repository/payment_repository.go:108.16,110.3 1 0
gamestore/internal/repository/payment_repository.go:112.2,113.16 2 0
gamestore/internal/repository/payment_repository.go:113.16,115.3 1 0
gamestore/internal/repository/payment_repository.go:116.2,116.23 1 0
gamestore/internal/repository/payment_repository.go:116.23,118.3 1 0
gamestore/internal/repository/payment_repository.go:120.2,120.12 1 0
gamestore/internal/repository/payment_repository.go:123.52,127.16 3 0
gamestore/internal/repository/payment_repository.go:127.16,129.3 1 0
gamestore/internal/repository/payment_repository.go:131.2,132.16 2 0
gamestore/internal/repository/payment_repository.go:132.16,134.3 1 0
gamestore/internal/repository/payment_repository.go:135.2,135.23 1 0
gamestore/internal/repository/payment_repository.go:135.23,137.3 1 0
gamestore/internal/repository/payment_repository.go:139.2,139.12 1 0
gamestore/internal/repository/payment_repository.go:142.72,155.16 3 0
gamestore/internal/repository/payment_repository.go:155.16,157.3 1 0
gamestore/internal/repository/payment_repository.go:159.2,159.18 1 0
gamestore/internal/repository/payment_repository.go:159.18,162.17 3 0
gamestore/internal/repository/payment_repository.go:162.17,164.4 1 0
gamestore/internal/repository/payment_repository.go:167.2,179.17 3 0
gamestore/internal/repository/payment_repository.go:179.17,181.3 1 0
gamestore/internal/repository/payment_repository.go:183.2,183.12 1 0
gamestore/internal/repository/report_repository.go:12.56,14.2 1 0
gamestore/internal/repository/report_repository.go:17.91,23.16 3 0
gamestore/internal/repository/report_repository.go:23.16,25.3 1 0
gamestore/internal/repository/report_repository.go:27.2,30.18 3 0
gamestore/internal/repository/report_repository.go:30.18,33.17 3 0
gamestore/internal/repository/report_repository.go:33.17,35.4 1 0
gamestore/internal/repository/report_repository.go:36.3,36.35 1 0
gamestore/internal/repository/report_repository.go:38.2,38.23 1 0
gamestore/internal/repository/report_repository.go:42.79,48.16 3 0
gamestore/internal/repository/report_repository.go:48.16,50.3 1 0
gamestore/internal/repository/report_repository.go:52.2,55.18 3 0
gamestore/internal/repository/report_repository.go:55.18,58.17 3 0
gamestore/internal/repository/report_repository.go:58.17,60.4 1 0
gamestore/internal/repository/report_repository.go:61.3,61.27 1 0
gamestore/internal/repository/report_repository.go:63.2,63.19 1 0
gamestore/internal/repository/report_repository.go:67.79,73.2 4 0
gamestore/internal/repository/report_repository.go:76.75,89.2 4 0
